c:\users\user\desktop\game programming\cs3113\workspace\visualstudiosdlproject\sdlproject\debug\vc142.pdb
c:\users\user\desktop\game programming\cs3113\workspace\visualstudiosdlproject\sdlproject\debug\vc142.idb
c:\users\user\desktop\game programming\cs3113\workspace\visualstudiosdlproject\sdlproject\debug\shaderprogram.obj
c:\users\user\desktop\game programming\cs3113\workspace\visualstudiosdlproject\sdlproject\debug\main.obj
c:\users\user\desktop\game programming\game-projects-in-cpp\project 1\visualstudiosdlproject\sdlproject\debug\vc142.pdb
c:\users\user\desktop\game programming\game-projects-in-cpp\project 1\visualstudiosdlproject\sdlproject\debug\vc142.idb
c:\users\user\desktop\game programming\game-projects-in-cpp\project 1\visualstudiosdlproject\sdlproject\debug\shaderprogram.obj
c:\users\user\desktop\game programming\game-projects-in-cpp\project 1\visualstudiosdlproject\sdlproject\debug\main.obj
c:\users\user\desktop\game programming\game-projects-in-cpp\project 1\visualstudiosdlproject\sdlproject\debug\glew32.dll
c:\users\user\desktop\game programming\game-projects-in-cpp\project 1\visualstudiosdlproject\sdlproject\debug\sdl2.dll
c:\users\user\desktop\game programming\cs3113\workspace\visualstudiosdlproject\sdlproject\debug\sdlproject.exe
c:\users\user\desktop\game programming\cs3113\workspace\visualstudiosdlproject\sdlproject\debug\sdlproject.ilk
c:\users\user\desktop\game programming\cs3113\workspace\visualstudiosdlproject\sdlproject\debug\sdlproject.pdb
c:\users\user\desktop\game programming\game-projects-in-cpp\project 1\visualstudiosdlproject\sdlproject\debug\sdlproject.exe
c:\users\user\desktop\game programming\game-projects-in-cpp\project 1\visualstudiosdlproject\sdlproject\debug\sdlproject.ilk
c:\users\user\desktop\game programming\game-projects-in-cpp\project 1\visualstudiosdlproject\sdlproject\debug\sdlproject.pdb
c:\users\user\desktop\game programming\game-projects-in-cpp\project 1\debug\main.obj
c:\users\user\desktop\game programming\game-projects-in-cpp\project 1\debug\shaderprogram.obj
c:\users\user\desktop\game programming\game-projects-in-cpp\project 1\debug\sdlproject.ilk
c:\users\user\desktop\game programming\game-projects-in-cpp\project 1\debug\vc142.idb
c:\users\user\desktop\game programming\game-projects-in-cpp\project 1\debug\sdlproject.pdb
c:\users\user\desktop\game programming\game-projects-in-cpp\project 1\debug\vc142.pdb
c:\users\user\desktop\game programming\game-projects-in-cpp\project 1\debug\main.nativecodeanalysis.xml
c:\users\user\desktop\game programming\game-projects-in-cpp\project 1\debug\shaderprogram.nativecodeanalysis.xml
c:\users\user\desktop\game programming\game-projects-in-cpp\project 1\debug\vc.nativecodeanalysis.all.xml
c:\users\user\desktop\game programming\game-projects-in-cpp\project 1\debug\sdlproject.exe
c:\users\user\desktop\game programming\game-projects-in-cpp\project 1\debug\sdlproject.tlog\cl.command.1.tlog
c:\users\user\desktop\game programming\game-projects-in-cpp\project 1\debug\sdlproject.tlog\cl.read.1.tlog
c:\users\user\desktop\game programming\game-projects-in-cpp\project 1\debug\sdlproject.tlog\cl.write.1.tlog
c:\users\user\desktop\game programming\game-projects-in-cpp\project 1\debug\sdlproject.tlog\copyfile.command.1.tlog
c:\users\user\desktop\game programming\game-projects-in-cpp\project 1\debug\sdlproject.tlog\copyfile.read.1.tlog
c:\users\user\desktop\game programming\game-projects-in-cpp\project 1\debug\sdlproject.tlog\copyfile.write.1.tlog
c:\users\user\desktop\game programming\game-projects-in-cpp\project 1\debug\sdlproject.tlog\link.command.1.tlog
c:\users\user\desktop\game programming\game-projects-in-cpp\project 1\debug\sdlproject.tlog\link.read.1.tlog
c:\users\user\desktop\game programming\game-projects-in-cpp\project 1\debug\sdlproject.tlog\link.write.1.tlog
