c:\users\user\desktop\game programming\cs3113\workspace\debug\vc142.pdb
c:\users\user\desktop\game programming\cs3113\workspace\debug\vc142.idb
c:\users\user\desktop\game programming\cs3113\workspace\debug\entity.obj
c:\users\user\desktop\game programming\cs3113\workspace\debug\main.obj
c:\users\user\desktop\game programming\cs3113\workspace\debug\shaderprogram.obj
c:\users\user\desktop\game programming\game-projects-in-cpp\project-3\debug\vc142.pdb
c:\users\user\desktop\game programming\game-projects-in-cpp\project-3\debug\vc142.idb
c:\users\user\desktop\game programming\game-projects-in-cpp\project-3\debug\entity.obj
c:\users\user\desktop\game programming\game-projects-in-cpp\project-3\debug\main.obj
c:\users\user\desktop\game programming\game-projects-in-cpp\project-3\debug\shaderprogram.obj
c:\users\user\desktop\game programming\game-projects-in-cpp\project-3\debug\glew32.dll
c:\users\user\desktop\game programming\game-projects-in-cpp\project-3\debug\sdl2.dll
c:\users\user\desktop\game programming\cs3113\workspace\debug\sdlproject.exe
c:\users\user\desktop\game programming\cs3113\workspace\debug\sdlproject.ilk
c:\users\user\desktop\game programming\cs3113\workspace\debug\sdlproject.pdb
c:\users\user\desktop\game programming\game-projects-in-cpp\project-3\debug\sdlproject.exe
c:\users\user\desktop\game programming\game-projects-in-cpp\project-3\debug\sdlproject.ilk
c:\users\user\desktop\game programming\game-projects-in-cpp\project-3\debug\sdlproject.pdb
c:\users\user\desktop\game programming\game-projects-in-cpp\project-3\debug\sdlproject.tlog\cl.command.1.tlog
c:\users\user\desktop\game programming\game-projects-in-cpp\project-3\debug\sdlproject.tlog\cl.read.1.tlog
c:\users\user\desktop\game programming\game-projects-in-cpp\project-3\debug\sdlproject.tlog\cl.write.1.tlog
c:\users\user\desktop\game programming\game-projects-in-cpp\project-3\debug\sdlproject.tlog\copyfile.command.1.tlog
c:\users\user\desktop\game programming\game-projects-in-cpp\project-3\debug\sdlproject.tlog\copyfile.read.1.tlog
c:\users\user\desktop\game programming\game-projects-in-cpp\project-3\debug\sdlproject.tlog\copyfile.write.1.tlog
c:\users\user\desktop\game programming\game-projects-in-cpp\project-3\debug\sdlproject.tlog\link.command.1.tlog
c:\users\user\desktop\game programming\game-projects-in-cpp\project-3\debug\sdlproject.tlog\link.read.1.tlog
c:\users\user\desktop\game programming\game-projects-in-cpp\project-3\debug\sdlproject.tlog\link.write.1.tlog
